<?xml version="1.0" encoding="UTF-8"?>
<!-- Generated by org.testng.reporters.JUnitReportReporter -->
<testsuite skipped="0" hostname="LAPTOP-HBLM0Q79"
	name="Codebase.Modules.CommandPortal.TestScript.TC_Verify_User_Is_Able_To_Login_System"
	tests="1" failures="0" timestamp="2022-10-17T10:42:02 CEST"
	time="9.398" errors="0">
	<testcase name="test" time="9.398"
		classname="Codebase.Modules.CommandPortal.TestScript.TC_Verify_User_Is_Able_To_Login_System" />
	<system-out />
</testsuite> <!-- Codebase.Modules.CommandPortal.TestScript.TC_Verify_User_Is_Able_To_Login_System -->
