<?xml version="1.0" encoding="UTF-8"?>
<!-- Generated by org.testng.reporters.JUnitReportReporter -->
<testsuite hostname="LAPTOP-HBLM0Q79" failures="0" tests="1" name="Codebase.Modules.AtosDemo.TestScript.TC_Verify_User_Is_Able_To_Create_Leave_Request" time="9.292" errors="0" timestamp="2022-11-10T11:04:00 CET" skipped="0">
  <testcase classname="Codebase.Modules.AtosDemo.TestScript.TC_Verify_User_Is_Able_To_Create_Leave_Request" name="test" time="9.292"/>
  <system-out/>
</testsuite> <!-- Codebase.Modules.AtosDemo.TestScript.TC_Verify_User_Is_Able_To_Create_Leave_Request -->
