<?xml version="1.0" encoding="UTF-8"?>
<!-- Generated by org.testng.reporters.JUnitReportReporter -->
<testsuite skipped="0" hostname="LAPTOP-HBLM0Q79"
	name="Codebase.Modules.CommandPortal.TestScript.TC_Verify_SadPath_User_Is_Able_AddParameter_CommandParameter"
	tests="1" failures="0" timestamp="2022-10-14T09:43:31 CEST"
	time="22.202" errors="0">
	<testcase name="test" time="22.202"
		classname="Codebase.Modules.CommandPortal.TestScript.TC_Verify_SadPath_User_Is_Able_AddParameter_CommandParameter" />
	<system-out />
</testsuite> <!-- Codebase.Modules.CommandPortal.TestScript.TC_Verify_SadPath_User_Is_Able_AddParameter_CommandParameter -->
