<?xml version="1.0" encoding="UTF-8"?>
<!-- Generated by org.testng.reporters.JUnitReportReporter -->
<testsuite hostname="LAPTOP-HBLM0Q79" failures="0" tests="1" name="Codebase.Modules.AcertaDemo.TestScript.TC_Verify_User_Is_Able_To_Login_System" time="13.140" errors="0" timestamp="2022-10-28T11:25:05 CEST" skipped="0">
  <testcase classname="Codebase.Modules.AcertaDemo.TestScript.TC_Verify_User_Is_Able_To_Login_System" name="test" time="13.140"/>
  <system-out/>
</testsuite> <!-- Codebase.Modules.AcertaDemo.TestScript.TC_Verify_User_Is_Able_To_Login_System -->
